2015-05-17 00:14:18  [ INFO ]  开始采集数据
2015-05-17 00:14:18  [ INFO ]  开始采集球员基本信息
2015-05-17 00:14:21  [ INFO ]  球员基本信息采集完成
2015-05-17 00:14:21  [ INFO ]  采集数据完成
2015-05-17 15:33:02  [ INFO ]  开始采集数据
2015-05-17 15:33:02  [ INFO ]  开始采集球员基本信息
2015-05-17 15:33:07  [ INFO ]  球员基本信息采集完成
2015-05-17 15:33:07  [ INFO ]  采集数据完成
2015-05-17 15:43:08  [ INFO ]  开始采集数据
2015-05-17 15:43:08  [ INFO ]  开始采集球员基本信息
2015-05-17 15:43:12  [ INFO ]  球员基本信息采集完成
2015-05-17 15:43:12  [ INFO ]  采集数据完成
2015-05-17 16:24:06  [ INFO ]  开始采集数据
2015-05-17 16:24:06  [ INFO ]  开始采集球员基本信息
2015-05-17 16:24:13  [ INFO ]  球员基本信息采集完成
2015-05-17 16:24:13  [ INFO ]  采集数据完成
2015-05-17 16:24:42  [ INFO ]  开始采集数据
2015-05-17 16:24:42  [ INFO ]  开始采集球员基本信息
2015-05-17 16:24:51  [ INFO ]  球员基本信息采集完成
2015-05-17 16:24:51  [ INFO ]  采集数据完成
2015-05-17 16:32:23  [ INFO ]  开始采集数据
2015-05-17 16:32:23  [ INFO ]  开始采集球员基本信息
2015-05-17 16:32:27  [ INFO ]  球员基本信息采集完成
2015-05-17 16:32:27  [ INFO ]  采集数据完成
2015-05-17 16:35:50  [ INFO ]  开始采集数据
2015-05-17 16:35:50  [ INFO ]  开始采集球员基本信息
2015-05-17 16:35:54  [ INFO ]  球员基本信息采集完成
2015-05-17 16:35:54  [ INFO ]  采集数据完成
2015-05-17 16:37:25  [ INFO ]  开始采集数据
2015-05-17 16:37:25  [ INFO ]  开始采集球员基本信息
2015-05-17 16:37:35  [ INFO ]  球员基本信息采集完成
2015-05-17 16:37:35  [ INFO ]  采集数据完成
2015-05-17 23:13:50  [ INFO ]  开始采集数据
2015-05-17 23:13:50  [ INFO ]  开始采集球员基本信息
2015-05-17 23:13:58  [ INFO ]  球员基本信息采集完成
2015-05-17 23:13:58  [ INFO ]  开始采集球队基本信息
2015-05-17 23:14:01  [ INFO ]  球队基本信息采集完成
2015-05-17 23:14:01  [ INFO ]  采集数据完成
2015-05-17 23:15:05  [ INFO ]  开始采集数据
2015-05-17 23:15:05  [ INFO ]  开始采集球员基本信息
2015-05-17 23:15:09  [ INFO ]  球员基本信息采集完成
2015-05-17 23:15:09  [ INFO ]  开始采集球队基本信息
2015-05-17 23:15:12  [ INFO ]  球队基本信息采集完成
2015-05-17 23:15:12  [ INFO ]  采集数据完成
2015-05-17 23:22:11  [ INFO ]  开始采集数据
2015-05-17 23:22:11  [ INFO ]  开始采集球员基本信息
2015-05-17 23:22:15  [ INFO ]  球员基本信息采集完成
2015-05-17 23:22:15  [ INFO ]  开始采集球队基本信息
2015-05-17 23:22:17  [ INFO ]  球队基本信息采集完成
2015-05-17 23:22:17  [ INFO ]  采集数据完成
